<?xml version="1.0" encoding="UTF-8"?>
<!-- Generated by org.testng.reporters.JUnitReportReporter -->
<testsuite hostname="DESKTOP-KCL5LQ8" failures="0" tests="1" name="Test.Rishiherbaltest" time="16.545" errors="0" timestamp="2024-03-07T12:31:22 IST" skipped="0">
  <testcase classname="Test.Rishiherbaltest" name="testlogin" time="16.545"/>
</testsuite> <!-- Test.Rishiherbaltest -->
