<?xml version="1.0" encoding="UTF-8"?>
<!-- Generated by org.testng.reporters.JUnitReportReporter -->
<testsuite hostname="DESKTOP-KCL5LQ8" failures="0" tests="1" name="Test.Facebookpagedesigntest" time="1.316" errors="0" timestamp="2024-03-13T17:22:54 IST" skipped="0">
  <testcase classname="Test.Facebookpagedesigntest" name="verifyLoginWithValidCred" time="1.316"/>
  <system-out/>
</testsuite> <!-- Test.Facebookpagedesigntest -->
