<?xml version="1.0" encoding="UTF-8"?>
<!-- Generated by org.testng.reporters.JUnitReportReporter -->
<testsuite hostname="DESKTOP-KCL5LQ8" failures="0" tests="1" name="Test.Fbtestlogin" time="6.244" errors="0" timestamp="2024-03-07T10:18:09 IST" skipped="0">
  <testcase classname="Test.Fbtestlogin" name="testlogin" time="6.244"/>
</testsuite> <!-- Test.Fbtestlogin -->
